<?xml version="1.0" encoding="UTF-8"?>
<!-- Generated by org.testng.reporters.JUnitReportReporter -->
<testsuite skipped="0" hostname="DESKTOP-0M1MH5T" name="com.qa.linkedin.testcase.LinkedinHomeTest" tests="3" failures="0" timestamp="2020-04-18T19:58:27 IST" time="2.686" errors="0">
  <testcase name="verifyHomePageTitleTest" time="0.384" classname="com.qa.linkedin.testcase.LinkedinHomeTest"/>
  <testcase name="verifyLinkedinLogoTest" time="0.720" classname="com.qa.linkedin.testcase.LinkedinHomeTest"/>
  <testcase name="navToSigninPageTest" time="1.582" classname="com.qa.linkedin.testcase.LinkedinHomeTest"/>
</testsuite> <!-- com.qa.linkedin.testcase.LinkedinHomeTest -->
