<?xml version="1.0" encoding="UTF-8"?>
<!-- Generated by org.testng.reporters.JUnitReportReporter -->
<testsuite skipped="0" hostname="DESKTOP-0M1MH5T" name="com.qa.linkedin.testcase.SearchPeopleTest" tests="4" failures="0" timestamp="2020-04-19T08:58:06 IST" time="39.637" errors="0">
  <testcase name="searchDDtTest" time="9.534" classname="com.qa.linkedin.testcase.SearchPeopleTest"/>
  <testcase name="searchDDtTest" time="9.977" classname="com.qa.linkedin.testcase.SearchPeopleTest"/>
  <testcase name="searchDDtTest" time="9.711" classname="com.qa.linkedin.testcase.SearchPeopleTest"/>
  <testcase name="searchDDtTest" time="10.415" classname="com.qa.linkedin.testcase.SearchPeopleTest"/>
</testsuite> <!-- com.qa.linkedin.testcase.SearchPeopleTest -->
